  LidarCpp.cpp
C:\Users\z-3li\OneDrive\Documents\LidarCameraSegmentation\LidarCpp\helper.hpp(80,15): warning C4244: 'initializing': conversion from 'double' to 'float', possible loss of data
C:\Users\z-3li\OneDrive\Documents\LidarCameraSegmentation\LidarCpp\LidarCpp.cpp(97,28): warning C4244: 'initializing': conversion from 'float' to 'int', possible loss of data
C:\Users\z-3li\OneDrive\Documents\LidarCameraSegmentation\LidarCpp\LidarCpp.cpp(100,102): warning C4244: 'argument': conversion from 'float' to '_Tp', possible loss of data
          with
          [
              _Tp=uchar
          ]
C:\Users\z-3li\OneDrive\Documents\LidarCameraSegmentation\LidarCpp\LidarCpp.cpp(100,90): warning C4244: 'argument': conversion from 'float' to '_Tp', possible loss of data
          with
          [
              _Tp=uchar
          ]
C:\Users\z-3li\OneDrive\Documents\LidarCameraSegmentation\LidarCpp\LidarCpp.cpp(100,77): warning C4244: 'argument': conversion from 'float' to '_Tp', possible loss of data
          with
          [
              _Tp=uchar
          ]
  combine.cpp
  Generating Code...
  LidarCpp.vcxproj -> C:\Users\z-3li\OneDrive\Documents\LidarCameraSegmentation\LidarCpp\x64\Debug\LidarCpp.exe
